<?xml version="1.0" encoding="UTF-8"?>
<robot generator="Robot 6.1.1 (Python 3.12.0 on win32)" generated="20231125 11:23:24.426" rpa="false" schemaversion="4">
<suite id="s1" name="Login" source="C:\Users\poona\PycharmProjects\LearnSelenium\LearnPytest\Login.robot">
<test id="s1-t1" name="Login" line="5">
<kw name="Open Browser" library="SeleniumLibrary">
<arg>https://www.saucedemo.com/</arg>
<arg>chrome</arg>
<doc>Opens a new browser instance to the optional ``url``.</doc>
<msg timestamp="20231125 11:23:25.081" level="INFO">Opening browser 'chrome' to base url 'https://www.saucedemo.com/'.</msg>
<status status="PASS" starttime="20231125 11:23:25.081" endtime="20231125 11:23:28.837"/>
</kw>
<kw name="Maximize Browser Window" library="SeleniumLibrary">
<doc>Maximizes current browser window.</doc>
<status status="PASS" starttime="20231125 11:23:28.837" endtime="20231125 11:23:28.975"/>
</kw>
<kw name="Wait Until Element Is Visible" library="SeleniumLibrary">
<arg>id:user-name</arg>
<doc>Waits until the element ``locator`` is visible.</doc>
<status status="PASS" starttime="20231125 11:23:28.976" endtime="20231125 11:23:29.029"/>
</kw>
<kw name="Input Text" library="SeleniumLibrary">
<arg>id:user-name</arg>
<arg>standard_user</arg>
<doc>Types the given ``text`` into the text field identified by ``locator``.</doc>
<msg timestamp="20231125 11:23:29.030" level="INFO">Typing text 'standard_user' into text field 'id:user-name'.</msg>
<status status="PASS" starttime="20231125 11:23:29.029" endtime="20231125 11:23:29.635"/>
</kw>
<kw name="Input Password" library="SeleniumLibrary">
<arg>id:password</arg>
<arg>secret_sauce</arg>
<doc>Types the given password into the text field identified by ``locator``.</doc>
<msg timestamp="20231125 11:23:29.637" level="INFO">Typing password into text field 'id:password'.</msg>
<msg timestamp="20231125 11:23:29.705" level="INFO">Temporally setting log level to: NONE</msg>
<msg timestamp="20231125 11:23:29.811" level="INFO">Log level changed from NONE to INFO.</msg>
<status status="PASS" starttime="20231125 11:23:29.636" endtime="20231125 11:23:29.811"/>
</kw>
<kw name="Click Element" library="SeleniumLibrary">
<arg>id:login-button</arg>
<doc>Click the element identified by ``locator``.</doc>
<msg timestamp="20231125 11:23:29.813" level="INFO">Clicking element 'id:login-button'.</msg>
<status status="PASS" starttime="20231125 11:23:29.811" endtime="20231125 11:23:29.995"/>
</kw>
<kw name="Sleep" library="BuiltIn">
<arg>5s</arg>
<doc>Pauses the test executed for the given time.</doc>
<msg timestamp="20231125 11:23:34.996" level="INFO">Slept 5 seconds</msg>
<status status="PASS" starttime="20231125 11:23:29.995" endtime="20231125 11:23:34.997"/>
</kw>
<kw name="Close Browser" library="SeleniumLibrary">
<doc>Closes the current browser.</doc>
<status status="PASS" starttime="20231125 11:23:34.998" endtime="20231125 11:23:37.324"/>
</kw>
<status status="PASS" starttime="20231125 11:23:25.079" endtime="20231125 11:23:37.324"/>
</test>
<status status="PASS" starttime="20231125 11:23:24.430" endtime="20231125 11:23:37.325"/>
</suite>
<statistics>
<total>
<stat pass="1" fail="0" skip="0">All Tests</stat>
</total>
<tag>
</tag>
<suite>
<stat pass="1" fail="0" skip="0" id="s1" name="Login">Login</stat>
</suite>
</statistics>
<errors>
</errors>
</robot>
